20180714||16:11:11: [POLLING] - &id=101&m=0&e=0
20180714||16:11:12: [POLLING] - &p=10110zaseth&e=0
20180714||16:11:17: [POLLING] - &c=1101101GE
20180714||16:11:22: [POLLING] - &c=1101101FA
20180714||16:15:30: [POLLING] - &id=102&m=0&e=0
20180714||16:15:31: [POLLING] - &p=10210Daan1&e=0
20180714||16:15:36: [POLLING] - &c=1102101KE
20180714||16:15:39: [POLLING] - &c=1102104EC
20180714||16:15:44: [POLLING] - &c=1102104EC/a211
20180714||16:15:49: [POLLING] - &c=1102104EC/a2-26
20180714||16:15:54: [POLLING] - &c=1102
20180714||16:15:59: [POLLING] - &c=1102104HE
20180714||16:16:1: [POLLING] - &p=40210Daan1&e=0
20180714||16:16:8: [POLLING] - &id=103&m=0&e=0
20180714||16:16:9: [POLLING] - &p=1Daan1&e=0
20180714||16:16:14: [POLLING] - &c=1103101UD
20180714||16:17:39: [POLLING] - &id=104&m=0&e=0
20180714||16:17:40: [POLLING] - &p=10410gsggd&e=0
20180714||16:17:45: [POLLING] - &c=1104101TE
20180714||16:17:49: [POLLING] - &c=1104102GK
20180714||16:17:54: [POLLING] - &c=1104101GC/e11
20180714||16:17:55: [POLLING] - &c=110410LIE
20180714||16:17:59: [POLLING] - &p=10410gsggd&e=0
20180714||16:18:3: [POLLING] - &c=2104101aH
20180714||16:18:8: [POLLING] - &c=2104107HI/e4
20180714||16:18:13: [POLLING] - &c=2104
20180714||16:18:19: [POLLING] - &c=2104
20180714||16:18:24: [POLLING] - &c=2104
20180714||16:18:24: [POLLING] - &p=20410gsggd&e=0
20180714||16:18:27: [POLLING] - &c=3104106HI
20180714||16:18:29: [POLLING] - &c=3104101LH/e12
20180714||16:18:34: [POLLING] - &c=3104104LH/a228
20180714||16:18:36: [POLLING] - &c=3104
20180714||16:18:41: [POLLING] - &c=3104104LH/e7
20180714||16:18:43: [POLLING] - &p=30410gsggd&e=0
20180714||16:18:48: [POLLING] - &c=2104104TD
20180714||16:18:53: [POLLING] - &c=2104102BN
20180714||16:18:58: [POLLING] - &c=2104104OH
20180714||16:19:3: [POLLING] - &c=2104
20180714||16:19:9: [POLLING] - &c=2104
20180714||16:19:14: [POLLING] - &c=2104
20180714||16:19:19: [POLLING] - &c=2104
20180714||16:19:24: [POLLING] - &c=2104
20180714||16:19:29: [POLLING] - &c=2104
20180714||16:19:34: [POLLING] - &c=2104
20180714||16:19:39: [POLLING] - &c=2104
20180714||16:19:44: [POLLING] - &c=2104
20180714||16:19:49: [POLLING] - &c=2104
20180714||16:19:54: [POLLING] - &c=2104
20180714||16:19:59: [POLLING] - &c=2104
20180714||16:20:4: [POLLING] - &c=2104
20180714||16:20:9: [POLLING] - &c=2104
20180714||16:20:14: [POLLING] - &c=2104
20180714||16:20:19: [POLLING] - &c=2104
20180714||16:20:24: [POLLING] - &c=2104
20180714||16:20:29: [POLLING] - &c=2104
20180714||16:20:34: [POLLING] - &c=2104
20180714||16:20:39: [POLLING] - &c=2104
20180714||16:20:44: [POLLING] - &c=2104
20180714||16:20:49: [POLLING] - &c=2104
20180714||16:20:54: [POLLING] - &c=2104
20180714||16:20:59: [POLLING] - &c=2104
20180714||16:21:4: [POLLING] - &c=2104
20180714||16:21:9: [POLLING] - &c=2104
20180714||16:21:14: [POLLING] - &c=2104
20180714||16:21:19: [POLLING] - &c=2104
20180714||16:21:24: [POLLING] - &c=2104
20180714||16:21:29: [POLLING] - &c=2104
20180714||16:21:34: [POLLING] - &c=2104
20180714||16:21:39: [POLLING] - &c=2104
20180714||16:21:44: [POLLING] - &c=2104
20180714||16:21:49: [POLLING] - &c=2104
20180714||16:21:54: [POLLING] - &c=2104
20180714||16:21:59: [POLLING] - &c=2104
20180714||16:22:4: [POLLING] - &c=2104
20180714||16:22:9: [POLLING] - &c=2104
20180714||16:22:14: [POLLING] - &c=2104
20180714||16:22:19: [POLLING] - &c=2104
20180714||16:22:24: [POLLING] - &c=2104
20180714||16:22:29: [POLLING] - &c=2104
20180714||16:22:34: [POLLING] - &c=2104
20180714||16:22:39: [POLLING] - &c=2104
20180714||16:22:44: [POLLING] - &c=2104
20180714||16:22:49: [POLLING] - &c=2104
20180714||16:22:54: [POLLING] - &c=2104
20180714||16:22:59: [POLLING] - &c=2104
20180714||16:23:4: [POLLING] - &c=2104
20180714||16:23:9: [POLLING] - &c=2104
20180714||16:23:14: [POLLING] - &c=2104
20180714||16:23:48: [POLLING] - &id=105&m=0&e=0
20180714||16:23:49: [POLLING] - &p=1105|Zaseth&e=0
20180714||16:23:54: [POLLING] - &c=1|105|1|0|1|O|D|
20180714||16:23:55: [POLLING] - &c=1105|1|0|1|I|H||
20180714||16:24:1: [POLLING] - &c=1105|1|0|1|I|H|/e9|
20180714||16:24:5: [POLLING] - &c=1105
20180714||16:24:10: [POLLING] - &c=1105|1|0|1|H|I|/e5|
20180714||16:24:14: [POLLING] - &c=1105
20180714||16:24:17: [POLLING] - &c=1105|1|0|1|D|F|hm|
20180714||16:24:20: [POLLING] - &p=2105|Zaseth&e=0
20180714||16:24:26: [POLLING] - &c=2|105|1|0|1|a|I|
20180714||16:24:31: [POLLING] - &c=2105|1|0|2|S|M|/a2TA|
20180714||16:24:36: [POLLING] - &c=2105
20180714||16:24:36: [POLLING] - &c=2105|1|0|L|L|G||
20180714||16:24:41: [POLLING] - &c=2105|1|0|L|L|G|/j10|
20180714||16:24:46: [POLLING] - &c=2105
20180714||16:24:48: [POLLING] - &p=205|1Zaseth&e=0
20180714||16:24:54: [POLLING] - &c=3|105|1|0|6|I|G|
20180714||16:24:59: [POLLING] - &c=3105|1|0|4|K|K||
20180714||16:25:4: [POLLING] - &c=3105
20180714||16:25:5: [POLLING] - &p=3105|Zaseth&e=0
20180714||16:25:10: [POLLING] - &c=2|105|1|0|4|T|D|
20180714||16:27:6: [POLLING] - &e=2
20180714||16:27:9: [POLLING] - &id=106&m=0&e=0
20180714||16:27:10: [POLLING] - &p=1106|Zaseth&e=0
20180714||16:27:15: [POLLING] - &c=1|106|1|0|1|S|G|
20180714||16:27:18: [POLLING] - &c=1106|1|0|1|J|I||
20180714||16:27:23: [POLLING] - &c=1106|1|0|8|I|K|hghg|
20180714||16:27:28: [POLLING] - &c=1106|1|0|1|H|O||
20180714||16:27:30: [POLLING] - &c=1106|1|0|1|I|L||
20180714||16:27:35: [POLLING] - &c=1106|1|0|2|I|L|/e7|
20180714||16:27:40: [POLLING] - &c=1106|1|0|1|I|J||
20180714||16:27:46: [POLLING] - &id=107&m=0&e=0
20180714||16:27:47: [POLLING] - &p=1107|dhffd&e=0
20180714||16:27:52: [POLLING] - &c=1|107|1|0|1|P|H|
20180714||16:27:57: [POLLING] - &c=1107|1|0|2|N|C||
20180714||16:28:2: [POLLING] - &c=1107
20180714||16:28:8: [POLLING] - &c=1107
20180714||16:28:13: [POLLING] - &c=1107
20180714||16:28:18: [POLLING] - &c=1107
20180714||16:29:15: [POLLING] - &id=108&m=0&e=0
20180714||16:29:16: [POLLING] - &p=10810Zaseth&e=0
20180714||16:29:21: [POLLING] - &c=1108104FH
20180714||16:29:26: [POLLING] - &c=1108104FH
20180714||16:29:31: [POLLING] - &c=11081049A
20180714||16:29:36: [POLLING] - &c=1108108FD
20180714||16:29:41: [POLLING] - &c=1108101HF
20180714||16:29:41: [POLLING] - &c=1108102IJ
20180714||16:29:46: [POLLING] - &c=1108102IJ/e5
20180714||16:29:51: [POLLING] - &c=1108105GE
20180714||16:29:56: [POLLING] - &c=1108
20180714||16:30:2: [POLLING] - &c=1108
20180714||16:30:7: [POLLING] - &c=1108
20180714||16:30:12: [POLLING] - &c=1108
20180714||16:30:17: [POLLING] - &c=1108
20180714||16:30:22: [POLLING] - &c=1108
20180714||16:30:27: [POLLING] - &c=1108102CG
20180714||16:30:32: [POLLING] - &c=1108102CG
20180714||16:30:37: [POLLING] - &c=1108108GI
20180714||16:30:42: [POLLING] - &c=1108
20180714||16:30:47: [POLLING] - &c=1108
20180714||16:30:52: [POLLING] - &c=1108
20180714||16:30:57: [POLLING] - &c=1108
20180714||16:31:2: [POLLING] - &c=1108
20180714||16:31:7: [POLLING] - &c=1108
20180714||16:31:12: [POLLING] - &c=1108
20180714||16:31:17: [POLLING] - &c=1108
20180714||16:31:22: [POLLING] - &c=1108
20180714||16:31:27: [POLLING] - &c=1108
20180714||16:31:32: [POLLING] - &c=1108
20180714||16:31:37: [POLLING] - &c=1108
20180714||16:31:42: [POLLING] - &c=1108
20180714||16:31:47: [POLLING] - &c=1108
20180714||16:31:52: [POLLING] - &c=1108
20180714||16:31:57: [POLLING] - &c=1108101II
20180714||16:31:58: [POLLING] - &c=1108103IJ
20180714||16:32:3: [POLLING] - &c=1108101FJ/j9
20180714||16:32:8: [POLLING] - &c=1108
20180714||16:32:13: [POLLING] - &c=1108
20180714||16:32:18: [POLLING] - &c=1108104HF
20180714||16:32:23: [POLLING] - &c=1108
20180714||16:32:29: [POLLING] - &c=1108
20180714||16:32:33: [POLLING] - &c=1108
20180714||16:32:38: [POLLING] - &c=1108
20180714||16:32:44: [POLLING] - &c=1108
20180714||16:32:48: [POLLING] - &c=1108
20180714||16:32:54: [POLLING] - &c=1108
20180714||16:32:59: [POLLING] - &c=1108
20180714||16:33:4: [POLLING] - &c=1108
20180714||16:33:9: [POLLING] - &c=1108
20180714||16:33:14: [POLLING] - &c=1108
20180714||16:33:19: [POLLING] - &c=1108
20180714||16:33:24: [POLLING] - &c=1108105DE
20180714||16:33:29: [POLLING] - &c=1108
20180714||16:33:34: [POLLING] - &c=1108
20180714||16:33:36: [POLLING] - &c=110810IDD
20180714||16:33:39: [POLLING] - &c=1108107EH/e1
20180714||16:33:44: [POLLING] - &c=1108107EH/e1
20180714||16:33:46: [POLLING] - &c=1108
20180714||16:33:48: [POLLING] - &c=1108107EH/e2
20180714||16:33:53: [POLLING] - &c=1108108EH/e5
20180714||16:33:58: [POLLING] - &c=1108
20180714||16:34:3: [POLLING] - &c=1108
20180714||16:34:8: [POLLING] - &c=1108
20180714||16:34:13: [POLLING] - &c=1108
20180714||16:34:18: [POLLING] - &c=1108
20180714||16:34:23: [POLLING] - &c=1108
20180714||16:34:28: [POLLING] - &c=1108
20180714||16:34:34: [POLLING] - &c=1108104JI
20180714||16:34:39: [POLLING] - &c=1108
20180714||16:34:44: [POLLING] - &c=1108
20180714||16:34:49: [POLLING] - &c=1108
20180714||16:34:54: [POLLING] - &c=1108
20180714||16:34:59: [POLLING] - &c=1108
20180714||16:35:4: [POLLING] - &c=1108
20180714||16:35:9: [POLLING] - &c=1108
20180714||16:35:14: [POLLING] - &c=1108
20180714||16:35:19: [POLLING] - &c=1108
20180714||16:35:24: [POLLING] - &c=1108
20180714||16:35:29: [POLLING] - &c=1108
20180714||16:35:32: [POLLING] - &p=20810Zaseth&e=0
20180714||16:35:37: [POLLING] - &c=2108103aI
20180714||16:35:42: [POLLING] - &c=2108101HH
20180714||16:35:47: [POLLING] - &c=2108101KD
20180714||16:35:52: [POLLING] - &c=2108
20180714||16:35:57: [POLLING] - &c=2108
20180714||16:36:2: [POLLING] - &c=2108
20180714||16:36:8: [POLLING] - &c=2108
20180714||16:36:10: [POLLING] - &c=2108
20180714||16:36:15: [POLLING] - &c=2108103HB/e1
20180714||16:36:20: [POLLING] - &c=21081076K
20180714||16:36:25: [POLLING] - &c=2108107CJ
20180714||16:36:30: [POLLING] - &c=2108
20180714||16:36:35: [POLLING] - &c=2108
20180714||16:36:40: [POLLING] - &c=2108
20180714||16:36:45: [POLLING] - &c=2108
20180714||16:36:50: [POLLING] - &c=2108102GI
20180714||16:36:52: [POLLING] - &c=2108101IL
20180714||16:36:57: [POLLING] - &c=210810LFI/j4
20180714||16:37:3: [POLLING] - &c=2108106JH
20180714||16:37:8: [POLLING] - &c=2108
20180714||16:37:13: [POLLING] - &c=2108
20180714||16:37:18: [POLLING] - &c=2108
20180714||16:37:23: [POLLING] - &c=2108104JD
20180714||16:37:28: [POLLING] - &c=2108103BE
20180714||16:37:33: [POLLING] - &c=2108
20180714||16:37:38: [POLLING] - &c=2108
20180714||16:37:43: [POLLING] - &c=2108
20180714||16:37:48: [POLLING] - &c=2108
20180714||16:37:53: [POLLING] - &c=2108
20180714||16:37:58: [POLLING] - &c=2108
20180714||16:37:58: [POLLING] - &p=10810Zaseth&e=0
20180714||16:38:3: [POLLING] - &c=1108103aK
20180714||16:38:4: [POLLING] - &c=1108101FF
20180714||16:38:9: [POLLING] - &c=1108104FF/a206
20180714||16:38:14: [POLLING] - &c=1108104FF/a2-22
20180714||16:38:19: [POLLING] - &c=1108
20180714||16:38:24: [POLLING] - &c=1108
20180714||16:38:26: [POLLING] - &c=1108
20180714||16:38:31: [POLLING] - &c=1108101HG/a2UE
20180714||16:38:36: [POLLING] - &c=1108101HG/a2RH
20180714||16:38:41: [POLLING] - &c=1108101HG/a2GE
20180714||16:38:46: [POLLING] - &c=1108108KH
20180714||16:38:50: [POLLING] - &c=1108
20180714||16:38:55: [POLLING] - &c=1108104KH/a225
20180714||16:39:0: [POLLING] - &c=1108103GE
20180714||16:39:5: [POLLING] - &c=110810HNE
20180714||16:39:10: [POLLING] - &c=1108
20180714||16:39:15: [POLLING] - &c=1108
20180714||16:39:20: [POLLING] - &c=1108
20180714||16:39:25: [POLLING] - &c=1108
20180714||16:39:30: [POLLING] - &c=1108
20180714||16:39:35: [POLLING] - &c=1108
20180714||16:39:40: [POLLING] - &c=1108
20180714||16:39:45: [POLLING] - &c=110810LIH
20180714||16:39:50: [POLLING] - &c=110810LGI
20180714||16:39:55: [POLLING] - &c=1108
